actionsPossibles : lancement le 13/11/2020 09:08:11.969
actionsPossibles : fin
-- évaluation :
Niveau 1 non validé.
En voici une raison : 
Vous êtes le joueur noir et jouez au niveau 1.
256 actions-mesures auraient dues être retournées par votre fonction actionsPossibles() mais ne l'ont pas été, dont PdO,1,0.
Plateau :
Légende (contenu d'une case) :
+---+ 
|B2 | 
+---+ 
1er  caractère (B) = nature : 'B'=Tour blanche, 'N'=Tour noire, ' '=case vide (terre), + autres dans les niveaux supérieurs
2ème caractère (2) = hauteur de la tour (le cas échéant)
3ème caractère ( ) = altitude (voir niveaux supérieurs)
   A   B   C   D   E   F   G   H   I   J   K   L   M   N   O   P 
 +---+---+---+---+---+---+---+---+---+---+---+---+---+---+---+---+
a|   |   |   |   |   |   |   |   |   |   |   |   |   |   |   |   |
 +---+---+---+---+---+---+---+---+---+---+---+---+---+---+---+---+
b|   |   |   |   |   |   |   |   |   |   |   |   |   |   |   |   |
 +---+---+---+---+---+---+---+---+---+---+---+---+---+---+---+---+
c|   |   |   |   |   |   |   |   |   |   |   |   |   |   |   |   |
 +---+---+---+---+---+---+---+---+---+---+---+---+---+---+---+---+
d|   |   |   |   |   |   |   |   |   |   |   |   |   |   |   |   |
 +---+---+---+---+---+---+---+---+---+---+---+---+---+---+---+---+
e|   |   |   |   |   |   |   |   |   |   |   |   |   |   |   |   |
 +---+---+---+---+---+---+---+---+---+---+---+---+---+---+---+---+
f|   |   |   |   |   |   |   |   |   |   |   |   |   |   |   |   |
 +---+---+---+---+---+---+---+---+---+---+---+---+---+---+---+---+
g|   |   |   |   |   |   |   |   |   |   |   |   |   |   |   |   |
 +---+---+---+---+---+---+---+---+---+---+---+---+---+---+---+---+
h|   |   |   |   |   |   |   |   |   |   |   |   |   |   |   |   |
 +---+---+---+---+---+---+---+---+---+---+---+---+---+---+---+---+
i|   |   |   |   |   |   |   |   |   |   |   |   |   |   |   |   |
 +---+---+---+---+---+---+---+---+---+---+---+---+---+---+---+---+
j|   |   |   |   |   |   |   |   |   |   |   |   |   |   |   |   |
 +---+---+---+---+---+---+---+---+---+---+---+---+---+---+---+---+
k|   |   |   |   |   |   |   |   |   |   |   |   |   |   |   |   |
 +---+---+---+---+---+---+---+---+---+---+---+---+---+---+---+---+
l|   |   |   |   |   |   |   |   |   |   |   |   |   |   |   |   |
 +---+---+---+---+---+---+---+---+---+---+---+---+---+---+---+---+
m|   |   |   |   |   |   |   |   |   |   |   |   |   |   |   |   |
 +---+---+---+---+---+---+---+---+---+---+---+---+---+---+---+---+
n|   |   |   |   |   |   |   |   |   |   |   |   |   |   |   |   |
 +---+---+---+---+---+---+---+---+---+---+---+---+---+---+---+---+
o|   |   |   |   |   |   |   |   |   |   |   |   |   |   |   |   |
 +---+---+---+---+---+---+---+---+---+---+---+---+---+---+---+---+
p|   |   |   |   |   |   |   |   |   |   |   |   |   |   |   |   |
 +---+---+---+---+---+---+---+---+---+---+---+---+---+---+---+---+

